<?xml version="1.0" encoding="UTF-8"?>
<!-- Generated by org.testng.reporters.JUnitXMLReporter -->
<testsuite hostname="Users-Device" ignored="0" name="Default test" tests="6" failures="0" timestamp="2020-03-10T13:40:21 EDT" time="12.57" errors="0">
  <testcase name="open" time="11.687" classname="com.qtx.testcases.InputsTest"/>
  <testcase name="test" time="0.297" classname="com.qtx.testcases.InputsTest"/>
  <testcase name="test" time="0.128" classname="com.qtx.testcases.InputsTest"/>
  <testcase name="test" time="0.139" classname="com.qtx.testcases.InputsTest"/>
  <testcase name="test" time="0.123" classname="com.qtx.testcases.InputsTest"/>
  <testcase name="test" time="0.136" classname="com.qtx.testcases.InputsTest"/>
</testsuite> <!-- Default test -->
